<?xml version="1.0" encoding="UTF-8"?>
<!-- Generated by org.testng.reporters.JUnitReportReporter -->
<testsuite hostname="DESKTOP-KJ4OD6O" failures="0" tests="1" name="websitetoolbox.shital.appiumbasics" time="30.440" errors="0" timestamp="2023-12-29T20:26:03 IST" skipped="0">
  <testcase classname="websitetoolbox.shital.appiumbasics" name="appiumTest" time="30.440"/>
</testsuite> <!-- websitetoolbox.shital.appiumbasics -->
