<?xml version="1.0" encoding="UTF-8"?>
<!-- Generated by org.testng.reporters.JUnitReportReporter -->
<testsuite hostname="DESKTOP-KJ4OD6O" failures="0" tests="1" name="websitetoolbox.shital.browserstck" time="26.432" errors="0" timestamp="2024-01-04T20:17:39 IST" skipped="0">
  <testcase classname="websitetoolbox.shital.browserstck" name="Setup" time="26.432"/>
</testsuite> <!-- websitetoolbox.shital.browserstck -->
